<?xml version="1.0" encoding="UTF-8"?>
<testsuites name="Prueba" time="9" tests="1" failures="0" errors="0">
   <testsuite name="Prueba" tests="1" failures="0" errors="0" time="9" timestamp="2019-02-13 15:39:07" hostname="nocic - LAPTOP-1T43JDQR" id="Test Suites/Prueba">
      <properties>
         <property name="deviceName" value=""/>
         <property name="devicePlatform" value=""/>
         <property name="logFolder" value="C:\\Users\\nocic\\git\\PruebaKatalon\\Reports\\Prueba\\20190213_153904"/>
         <property name="logFiles" value="C:\\Users\\nocic\\git\\PruebaKatalon\\Reports\\Prueba\\20190213_153904\\execution0.log"/>
         <property name="attachments" value=""/>
         <property name="hostName" value="nocic - LAPTOP-1T43JDQR"/>
         <property name="os" value="Windows 10 64bit"/>
         <property name="katalonVersion" value="5.10.1.1"/>
         <property name="browser" value="Chrome 72.0.3626.96"/>
         <property name="hostAddress" value="192.168.56.1"/>
         <property name="sessionId" value="e7c6ce8444178a54625551b30ca333aa"/>
         <property name="seleniumVersion" value="3.7.1"/>
         <property name="proxyInformation" value="ProxyInformation{proxyOption=NO_PROXY, proxyServerType=HTTP, password=, proxyServerAddress=, proxyServerPort=0}"/>
         <property name="platform" value="Windows 10"/>
      </properties>
      <testcase name="Test Cases/Pruebakatalon" classname="Test Cases/Pruebakatalon" status="PASSED">
         <system-out><![CDATA[2019-02-13 15:39:07 - [TEST_CASE][PASSED] - Test Cases/Pruebakatalon: Test Cases/Pruebakatalon

2019-02-13 15:39:07 - [TEST_STEP][PASSED] - openBrowser(""): Browser is opened with url: ''

2019-02-13 15:39:08 - [MESSAGE][INFO] - Starting 'Chrome' driver

2019-02-13 15:39:08 - [MESSAGE][INFO] - Action delay is set to 0 seconds

2019-02-13 15:39:11 - [MESSAGE][PASSED] - Browser is opened with url: ''

2019-02-13 15:39:11 - [TEST_STEP][PASSED] - navigateToUrl("https://katalon-demo-cura.herokuapp.com/"): Navigate to 'https://katalon-demo-cura.herokuapp.com/' successfully

2019-02-13 15:39:13 - [MESSAGE][PASSED] - Navigate to 'https://katalon-demo-cura.herokuapp.com/' successfully

2019-02-13 15:39:13 - [TEST_STEP][PASSED] - click(findTestObject("Object Repository/P/Page_CURA Healthcare Service/a_Make Appointment")): Object: 'Object Repository/P/Page_CURA Healthcare Service/a_Make Appointment' is clicked on

2019-02-13 15:39:13 - [MESSAGE][PASSED] - Object: 'Object Repository/P/Page_CURA Healthcare Service/a_Make Appointment' is clicked on

2019-02-13 15:39:13 - [TEST_STEP][PASSED] - setText(findTestObject("Object Repository/P/Page_CURA Healthcare Service/input_Username_username"), "John Doe"): Text 'John Doe' is set on object 'Object Repository/P/Page_CURA Healthcare Service/input_Username_username'

2019-02-13 15:39:13 - [MESSAGE][PASSED] - Text 'John Doe' is set on object 'Object Repository/P/Page_CURA Healthcare Service/input_Username_username'

2019-02-13 15:39:13 - [TEST_STEP][PASSED] - setEncryptedText(findTestObject("Object Repository/P/Page_CURA Healthcare Service/input_Password_password"), "g3/DOGG74jC3Flrr3yH+3D/yKbOqqUNM"): Text ****** has been set on object 'Object Repository/P/Page_CURA Healthcare Service/input_Password_password'

2019-02-13 15:39:14 - [MESSAGE][PASSED] - Text ****** has been set on object 'Object Repository/P/Page_CURA Healthcare Service/input_Password_password'

2019-02-13 15:39:14 - [TEST_STEP][PASSED] - click(findTestObject("Object Repository/P/Page_CURA Healthcare Service/button_Login")): Object: 'Object Repository/P/Page_CURA Healthcare Service/button_Login' is clicked on

2019-02-13 15:39:14 - [MESSAGE][PASSED] - Object: 'Object Repository/P/Page_CURA Healthcare Service/button_Login' is clicked on

2019-02-13 15:39:14 - [TEST_STEP][PASSED] - selectOptionByValue(findTestObject("Object Repository/P/Page_CURA Healthcare Service/select_Tokyo CURA Healthcare C"), "Seoul CURA Healthcare Center", true): All options with value 'Seoul CURA Healthcare Center' are selected in object 'Object Repository/P/Page_CURA Healthcare Service/select_Tokyo CURA Healthcare C'  using regular expression

2019-02-13 15:39:14 - [MESSAGE][PASSED] - All options with value 'Seoul CURA Healthcare Center' are selected in object 'Object Repository/P/Page_CURA Healthcare Service/select_Tokyo CURA Healthcare C'  using regular expression

2019-02-13 15:39:14 - [TEST_STEP][PASSED] - click(findTestObject("Object Repository/P/Page_CURA Healthcare Service/label_Medicaid")): Object: 'Object Repository/P/Page_CURA Healthcare Service/label_Medicaid' is clicked on

2019-02-13 15:39:15 - [MESSAGE][PASSED] - Object: 'Object Repository/P/Page_CURA Healthcare Service/label_Medicaid' is clicked on

2019-02-13 15:39:15 - [TEST_STEP][PASSED] - click(findTestObject("Object Repository/P/Page_CURA Healthcare Service/label_Apply for hospital readm")): Object: 'Object Repository/P/Page_CURA Healthcare Service/label_Apply for hospital readm' is clicked on

2019-02-13 15:39:15 - [MESSAGE][PASSED] - Object: 'Object Repository/P/Page_CURA Healthcare Service/label_Apply for hospital readm' is clicked on

2019-02-13 15:39:15 - [TEST_STEP][PASSED] - click(findTestObject("Object Repository/P/Page_CURA Healthcare Service/div_Visit Date (Required)_inpu")): Object: 'Object Repository/P/Page_CURA Healthcare Service/div_Visit Date (Required)_inpu' is clicked on

2019-02-13 15:39:15 - [MESSAGE][PASSED] - Object: 'Object Repository/P/Page_CURA Healthcare Service/div_Visit Date (Required)_inpu' is clicked on

2019-02-13 15:39:15 - [TEST_STEP][PASSED] - click(findTestObject("Object Repository/P/Page_CURA Healthcare Service/td_28")): Object: 'Object Repository/P/Page_CURA Healthcare Service/td_28' is clicked on

2019-02-13 15:39:15 - [MESSAGE][PASSED] - Object: 'Object Repository/P/Page_CURA Healthcare Service/td_28' is clicked on

2019-02-13 15:39:15 - [TEST_STEP][PASSED] - setText(findTestObject("Object Repository/P/Page_CURA Healthcare Service/textarea_Comment_comment"), "Prueba perro"): Text 'Prueba perro' is set on object 'Object Repository/P/Page_CURA Healthcare Service/textarea_Comment_comment'

2019-02-13 15:39:15 - [MESSAGE][PASSED] - Text 'Prueba perro' is set on object 'Object Repository/P/Page_CURA Healthcare Service/textarea_Comment_comment'

2019-02-13 15:39:15 - [TEST_STEP][PASSED] - click(findTestObject("Object Repository/P/Page_CURA Healthcare Service/button_Book Appointment")): Object: 'Object Repository/P/Page_CURA Healthcare Service/button_Book Appointment' is clicked on

2019-02-13 15:39:15 - [MESSAGE][PASSED] - Object: 'Object Repository/P/Page_CURA Healthcare Service/button_Book Appointment' is clicked on

2019-02-13 15:39:15 - [TEST_STEP][PASSED] - closeBrowser(): Browser is closed

2019-02-13 15:39:16 - [MESSAGE][PASSED] - Browser is closed]]></system-out>
         <system-err><![CDATA[]]></system-err>
      </testcase>
      <system-out><![CDATA[2019-02-13 15:39:07 - [TEST_SUITE][PASSED] - Prueba: Test Cases/Pruebakatalon]]></system-out>
      <system-err><![CDATA[]]></system-err>
   </testsuite>
</testsuites>
